<?xml version="1.0" encoding="UTF-8"?>
<!-- Generated by org.testng.reporters.JUnitXMLReporter -->
<testsuite hostname="DESKTOP-K87M0HO" ignored="0" name="Test" tests="12" failures="0" timestamp="03 May 2020 15:35:59 GMT" time="45.681" errors="0">
  <testcase name="openURL" time="18.42" classname="TestCase.flipkarHomePage"/>
  <testcase name="closeModalBox" time="2.779" classname="TestCase.flipkarHomePage"/>
  <testcase name="HoverElectronics" time="0.85" classname="TestCase.flipkarHomePage"/>
  <testcase name="verifyMILabel" time="3.807" classname="TestCase.flipkarHomePage"/>
  <testcase name="ChangePriceSlider" time="0.06" classname="TestCase.flipkarHomePage"/>
  <testcase name="SelectPriceDropDown" time="1.769" classname="TestCase.flipkarHomePage"/>
  <testcase name="SearchRedmi" time="3.336" classname="TestCase.flipkarHomePage"/>
  <testcase name="productClick" time="1.337" classname="TestCase.flipkarHomePage"/>
  <testcase name="verifyProductAmount" time="10.656" classname="TestCase.flipkarHomePage"/>
  <testcase name="playVideo" time="0.06" classname="TestCase.flipkarHomePage"/>
  <testcase name="enterPindcode" time="0.439" classname="TestCase.flipkarHomePage"/>
  <testcase name="quitBrowser" time="1.982" classname="TestCase.flipkarHomePage"/>
</testsuite> <!-- Test -->
