<?xml version="1.0" encoding="UTF-8"?>
<!-- Generated by org.testng.reporters.JUnitXMLReporter -->
<testsuite hostname="DESKTOP-K87M0HO" ignored="0" name="Test1" tests="4" failures="0" timestamp="15 Jun 2020 07:43:03 GMT" time="28.356" errors="0">
  <testcase name="openURL" time="20.814" classname="TestCase.flipKartHomePageGrid"/>
  <testcase name="closeModalBox" time="1.974" classname="TestCase.flipKartHomePageGrid"/>
  <testcase name="HoverElectronics" time="1.329" classname="TestCase.flipKartHomePageGrid"/>
  <testcase name="verifyMILabel" time="4.112" classname="TestCase.flipKartHomePageGrid"/>
</testsuite> <!-- Test1 -->
