<?xml version="1.0" encoding="UTF-8"?>
<!-- Generated by org.testng.reporters.JUnitXMLReporter -->
<testsuite hostname="DESKTOP-K87M0HO" ignored="0" name="Test(failed)" tests="2" failures="2" timestamp="03 May 2020 15:23:04 GMT" time="0.409" errors="0">
  <testcase name="openURL" time="0.033" classname="TestCase.flipkarHomePage">
    <failure type="java.lang.NullPointerException">
      <![CDATA[java.lang.NullPointerException
at TestCase.flipkarHomePage.openURL(flipkarHomePage.java:35)
... Removed 25 stack frames]]>
    </failure>
  </testcase> <!-- openURL -->
  <testcase name="closeModalBox" time="0.254" classname="TestCase.flipkarHomePage">
    <failure type="java.lang.NullPointerException">
      <![CDATA[java.lang.NullPointerException
at java.util.Objects.requireNonNull(Objects.java:203)
at org.openqa.selenium.support.ui.FluentWait.<init>(FluentWait.java:106)
at org.openqa.selenium.support.ui.WebDriverWait.<init>(WebDriverWait.java:85)
at org.openqa.selenium.support.ui.WebDriverWait.<init>(WebDriverWait.java:45)
at TestCase.flipkarHomePage.closeModalBox(flipkarHomePage.java:40)
... Removed 25 stack frames]]>
    </failure>
  </testcase> <!-- closeModalBox -->
</testsuite> <!-- Test(failed) -->
